2026-03-23 21:57:35,163 [INFO] Log file: logs\run_2026-03-23_215735.log
2026-03-23 21:57:43,332 [INFO] Output file created: output\hu_2026-03-23_215743.xlsx
2026-03-23 21:58:21,639 [INFO] Connected: https://sarathi.parivahan.gov.in/sarathiservice/dlBacklogPublic.do?licNum=GJ12%2020050123456&dob=01-01-1980&moduleName=envaction.do
2026-03-23 21:58:51,798 [DEBUG] Saved: GJ01 20110000007 | ANAND  G  TAYADE
2026-03-23 21:58:55,106 [DEBUG] Saved: GJ01 20110000008 | RAJAN  P  TRIVEDI
2026-03-23 21:58:59,217 [DEBUG] Saved: GJ01 20110000009 | CHINTAN  B  PATEL
2026-03-23 21:59:03,064 [DEBUG] Saved: GJ01 20110000010 | ARCHANA  N  PARDESHI
2026-03-23 21:59:07,860 [DEBUG] Saved: GJ01 20110000011 | ISLAMKHAN  S  PATHAN
2026-03-23 21:59:11,317 [DEBUG] Saved: GJ01 20110000012 | PARTH  MEHTA
2026-03-23 21:59:14,441 [DEBUG] Saved: GJ01 20110000013 | SADDAMHUSEN  MO  MANSURI
2026-03-23 21:59:17,826 [DEBUG] Saved: GJ01 20110000014 | RAJESHBHAI  P  CHUNARA
2026-03-23 21:59:21,046 [DEBUG] Saved: GJ01 20110000015 | MO.ASHQEEN  J  QURESHI
2026-03-23 21:59:24,669 [DEBUG] Saved: GJ01 20110000016 | JEKIN  C  SOLANKI
2026-03-23 21:59:27,907 [DEBUG] Saved: GJ01 20110000017 | JOGENDRASINH  RATHOD
2026-03-23 21:59:31,237 [DEBUG] Saved: GJ01 20110000018 | KARISHMA  SANGHAVI
2026-03-23 21:59:34,551 [DEBUG] Saved: GJ01 20110000019 | MUKESHKUMAR  C  YOGI
2026-03-23 21:59:38,218 [DEBUG] Saved: GJ01 20110000020 | PRAKASHBHAI  A  RABARI
2026-03-23 21:59:41,455 [DEBUG] Saved: GJ01 20110000021 | DEV  PATEL
2026-03-23 21:59:46,224 [DEBUG] Saved: GJ01 20110000022 | MUDARSAR  A  SHAIKH
2026-03-23 21:59:47,139 [INFO] Complete. 16 records saved.
