2026-03-11 19:50:07,216 [INFO] Log file: logs\run_2026-03-11_195007.log
2026-03-11 19:50:34,043 [INFO] Output file created: output\Gujarat_2026-03-11_195033.xlsx
2026-03-11 19:50:42,990 [INFO] Connected: https://sarathi.parivahan.gov.in/sarathiservice/dlBacklogPublic.do?licNum=GJ12%2020050123456&dob=01-01-1980&moduleName=envaction.do
2026-03-11 19:50:51,445 [DEBUG] Saved: GJ01 20020000004 | VIJAYSINH  P  PARMAR
2026-03-11 19:50:54,837 [DEBUG] Saved: GJ01 20020000005 | LALJIBHAI  C  PATEL
2026-03-11 19:50:58,201 [DEBUG] Saved: GJ01 20020000006 | THAKKAR SANDIP CHANDRAKANTBHAI
2026-03-11 19:51:25,531 [DEBUG] Saved: GJ01 20020000009 | SAGAR  S  BHATT
2026-03-11 19:52:19,526 [DEBUG] Saved: GJ01 20020000014 | JITENDRA   SOLANKI
2026-03-11 19:52:22,456 [DEBUG] Saved: GJ01 20020000015 | JAYANTIBHAI  B  ASARI
2026-03-11 19:52:38,219 [DEBUG] Saved: GJ01 20020000017 | VIRENDRA  H  YADAV
2026-03-11 19:52:41,112 [DEBUG] Saved: GJ01 20020000018 | ASHOKKUMAR  M  PARMAR
2026-03-11 19:52:44,026 [DEBUG] Saved: GJ01 20020000019 | MUKESH  R  GURJAR
2026-03-11 19:52:46,971 [DEBUG] Saved: GJ01 20020000020 | RIYAZUDDIN  N  ANSARI
2026-03-11 19:52:49,874 [DEBUG] Saved: GJ01 20020000021 | NAYANKUMAR  C  MEHTA
2026-03-11 19:52:52,778 [DEBUG] Saved: GJ01 20020000022 | KEYURKUMAR  J  DOSHI
2026-03-11 19:53:07,963 [DEBUG] Saved: GJ01 20020000024 | RANJAN  B  DAMOR
2026-03-11 19:53:11,843 [DEBUG] Saved: GJ01 20020000025 | KIRANKUMAR  K  SHAH
2026-03-11 19:53:26,507 [DEBUG] Saved: GJ01 20020000027 | MUKESH G KADAM
2026-03-11 19:53:30,935 [DEBUG] Saved: GJ01 20020000028 | RAJESH  J  DESAI
2026-03-11 19:53:34,364 [DEBUG] Saved: GJ01 20020000029 | ANKIT  D  GOHEL
2026-03-11 19:53:37,345 [DEBUG] Saved: GJ01 20020000030 | GANDABHAI  M  BHARVAD
2026-03-11 19:53:52,693 [DEBUG] Saved: GJ01 20020000032 | PARAG  B  SHAH
2026-03-11 19:53:57,606 [DEBUG] Saved: GJ01 20020000033 | PRASHANT M LAKHANI
2026-03-11 19:54:00,956 [DEBUG] Saved: GJ01 20020000034 | VINOD  C  VAGHELA
2026-03-11 19:54:16,637 [DEBUG] Saved: GJ01 20020000036 | MANISH  M  BHAGAT
2026-03-11 19:54:19,548 [DEBUG] Saved: GJ01 20020000037 | SARFARAJ I DEVGADHWALA
2026-03-11 19:54:22,460 [DEBUG] Saved: GJ01 20020000038 | HAMIRBHAI  K  MUNDHAVA
2026-03-11 19:54:37,589 [DEBUG] Saved: GJ01 20020000040 | NARESHKUMAR  G  DANGAR
2026-03-11 19:54:40,519 [DEBUG] Saved: GJ01 20020000041 | JAYENDRA  P  PATEL
2026-03-11 19:54:43,451 [DEBUG] Saved: GJ01 20020000042 | KAMLESHKUMAR JAIN
2026-03-11 19:54:46,445 [DEBUG] Saved: GJ01 20020000043 | LIYAKATHUSAIN  M  ANSARI
2026-03-11 19:55:03,624 [DEBUG] Saved: GJ01 20020000045 | RASIKBHAI  B  GOHEL
2026-03-11 19:55:06,536 [DEBUG] Saved: GJ01 20020000046 | SURESHBHAI  J  SOLANKI
2026-03-11 19:55:09,375 [DEBUG] Saved: GJ01 20020000047 | NAVNEET  M  PARMAR
2026-03-11 19:56:22,682 [DEBUG] Saved: GJ01 20020000054 | AMRATBHAI  M  THAKOR
2026-03-11 19:56:25,579 [DEBUG] Saved: GJ01 20020000055 | ANIL  M  PANCHAL
2026-03-11 19:56:43,954 [INFO] Complete. 33 records saved.
