2026-03-10 11:54:55,600 [INFO] Log file: logs\run_2026-03-10_115455.log
2026-03-10 11:55:09,305 [INFO] Output file created: output\Gujarat_2026-03-10_115509.xlsx
2026-03-10 11:55:12,600 [INFO] Connected: https://sarathi.parivahan.gov.in/sarathiservice/dlBacklogPublic.do?licNum=GJ12%2020050123456&dob=01-01-1980&moduleName=envaction.do
2026-03-10 11:55:19,062 [DEBUG] Saved: GJ01 20050000005 | MANUBHAI  K  PATEL
2026-03-10 11:55:22,716 [DEBUG] Saved: GJ01 20050000006 | SWAPNIL K PATEL
2026-03-10 11:55:26,306 [DEBUG] Saved: GJ01 20050000007 | DEVISINH  M  DODIYA
2026-03-10 11:55:29,910 [DEBUG] Saved: GJ01 20050000008 | DEVANG  L  ACHARYA
2026-03-10 11:55:35,144 [DEBUG] Saved: GJ01 20050000009 | JAGDISH KUMAR SOLANKI
2026-03-10 11:55:39,324 [DEBUG] Saved: GJ01 20050000010 | BHARATBHAI  V PITRODA
2026-03-10 11:55:43,527 [DEBUG] Saved: GJ01 20050000011 | MANILAL  M  PARMAR
2026-03-10 11:55:47,124 [DEBUG] Saved: GJ01 20050000012 | SANJAY NATVAR PANCHAL
2026-03-10 11:55:57,553 [DEBUG] #13 skipped: Numeric Licence Number should not be empty and  must be grea
2026-03-10 11:56:02,235 [DEBUG] Saved: GJ01 20050000014 | NITINKUMAR  Y  SHAH
2026-03-10 11:56:20,652 [DEBUG] #15 skipped: Numeric Licence Number should not be empty and  must be grea
2026-03-10 11:57:44,829 [DEBUG] #16 skipped: Numeric Licence Number should not be empty and  must be grea
2026-03-10 11:57:54,739 [DEBUG] #17 skipped: Numeric Licence Number should not be empty and  must be grea
2026-03-10 11:58:53,908 [DEBUG] #18 skipped: Numeric Licence Number should not be empty and  must be grea
2026-03-10 11:59:04,285 [DEBUG] #19 skipped: Numeric Licence Number should not be empty and  must be grea
2026-03-10 11:59:08,179 [DEBUG] Saved: GJ01 20050000020 | VIJAY BHASKR SAVLE
2026-03-10 11:59:17,651 [DEBUG] #21 skipped: Numeric Licence Number should not be empty and  must be grea
2026-03-10 11:59:27,572 [DEBUG] #22 skipped: Numeric Licence Number should not be empty and  must be grea
2026-03-10 11:59:31,669 [DEBUG] Saved: GJ01 20050000023 | VIJAY  P  DESAI
2026-03-10 11:59:35,827 [DEBUG] Saved: GJ01 20050000024 | RASIKLAL  A  KAMDAR
2026-03-10 11:59:39,148 [DEBUG] Saved: GJ01 20050000025 | NEHABEN NITISH PARIKH
2026-03-10 11:59:42,763 [DEBUG] Saved: GJ01 20050000026 | BHAVINIBEN JANI
2026-03-10 11:59:50,415 [DEBUG] #27 skipped: Numeric Licence Number should not be empty and  must be grea
2026-03-10 11:59:55,061 [DEBUG] Saved: GJ01 20050000028 | BRINDA  V  JOSHI
2026-03-10 12:00:02,706 [DEBUG] #29 skipped: Numeric Licence Number should not be empty and  must be grea
2026-03-10 12:00:56,709 [DEBUG] Saved: GJ01 20050000030 | UNNIKRISHNAN  A  NAIR
2026-03-10 12:01:00,373 [DEBUG] Saved: GJ01 20050000031 | JITENDRA  K  PATEL
2026-03-10 12:01:12,773 [DEBUG] #32 skipped: Numeric Licence Number should not be empty and  must be grea
2026-03-10 12:01:21,455 [DEBUG] #33 skipped: Numeric Licence Number should not be empty and  must be grea
2026-03-10 12:02:20,769 [DEBUG] #34 skipped: Numeric Licence Number should not be empty and  must be grea
2026-03-10 12:02:29,586 [INFO] Complete. 17 records saved.
