2026-03-10 11:48:11,350 [INFO] Log file: logs\run_2026-03-10_114811.log
2026-03-10 11:48:18,507 [INFO] Output file created: output\Gujarat_2026-03-10_114818.xlsx
2026-03-10 11:48:22,288 [INFO] Connected: https://sarathi.parivahan.gov.in/sarathiservice/dlBacklogPublic.do?licNum=GJ12%2020050123456&dob=01-01-1980&moduleName=envaction.do
2026-03-10 11:48:27,670 [DEBUG] Saved: GJ01 20050000002 | MAYURSINH G RANA
2026-03-10 11:48:31,489 [DEBUG] Saved: GJ01 20050000003 | MATHURAPRASAD  S  SAROJ
2026-03-10 11:48:35,847 [DEBUG] Saved: GJ01 20050000004 | RUSHIKA SAPAN DESAI
2026-03-10 11:48:40,098 [DEBUG] Saved: GJ01 20050000005 | MANUBHAI  K  PATEL
2026-03-10 11:48:44,444 [DEBUG] Saved: GJ01 20050000006 | SWAPNIL K PATEL
2026-03-10 11:48:48,542 [DEBUG] Saved: GJ01 20050000007 | DEVISINH  M  DODIYA
2026-03-10 11:48:51,887 [DEBUG] Saved: GJ01 20050000008 | DEVANG  L  ACHARYA
2026-03-10 11:48:55,333 [DEBUG] Saved: GJ01 20050000009 | JAGDISH KUMAR SOLANKI
2026-03-10 11:48:58,682 [DEBUG] Saved: GJ01 20050000010 | BHARATBHAI  V PITRODA
2026-03-10 11:49:02,829 [DEBUG] Saved: GJ01 20050000011 | MANILAL  M  PARMAR
2026-03-10 11:49:06,485 [DEBUG] Saved: GJ01 20050000012 | SANJAY NATVAR PANCHAL
2026-03-10 11:49:25,773 [DEBUG] #13 skipped: Numeric Licence Number should not be empty and  must be grea
2026-03-10 11:49:30,176 [DEBUG] Saved: GJ01 20050000014 | NITINKUMAR  Y  SHAH
2026-03-10 11:49:40,380 [DEBUG] #15 skipped: Numeric Licence Number should not be empty and  must be grea
2026-03-10 11:49:50,036 [DEBUG] #16 skipped: Numeric Licence Number should not be empty and  must be grea
2026-03-10 11:50:13,349 [DEBUG] #17 skipped: Numeric Licence Number should not be empty and  must be grea
2026-03-10 11:50:33,485 [DEBUG] #18 skipped: Numeric Licence Number should not be empty and  must be grea
2026-03-10 11:50:51,908 [INFO] Complete. 12 records saved.
