2026-03-19 22:29:31,120 [INFO] Log file: logs\run_2026-03-19_222931.log
2026-03-19 22:29:51,642 [INFO] Output file created: output\Juuju_2026-03-19_222951.xlsx
2026-03-19 22:32:03,054 [INFO] Connected: https://sarathi.parivahan.gov.in/sarathiservice/dlBacklogPublic.do?licNum=GJ12%2020050&dob=01-01-1980&moduleName=envaction.do
2026-03-19 22:32:22,468 [DEBUG] Saved: GJ01 20120000006 | ROMIL  M  KADIA
2026-03-19 22:32:25,864 [DEBUG] Saved: GJ01 20120000007 | DHAVAL  PUJARA
2026-03-19 22:32:30,522 [DEBUG] Saved: GJ01 20120000008 | RIKESH  DAVE
2026-03-19 22:32:34,060 [DEBUG] Saved: GJ01 20120000009 | AMIT  DATANIYA
2026-03-19 22:32:37,730 [DEBUG] Saved: GJ01 20120000010 | BEENABEN  D  MANDALIA
2026-03-19 22:32:41,443 [DEBUG] Saved: GJ01 20120000011 | PRATIK  SHAH
2026-03-19 22:32:45,053 [DEBUG] Saved: GJ01 20120000012 | MANISHKUMAR  S  MAKWANA
2026-03-19 22:32:48,736 [DEBUG] Saved: GJ01 20120000013 | ROMIT  SHAH
2026-03-19 22:32:55,140 [DEBUG] Saved: GJ01 20120000014 | PARTH  SHAH
2026-03-19 22:32:58,375 [DEBUG] Saved: GJ01 20120000015 | KAMLESHKUMAR  S  PATEL
2026-03-19 22:33:02,084 [DEBUG] Saved: GJ01 20120000016 | TEJASKUMAR  RANA
2026-03-19 22:33:05,445 [DEBUG] Saved: GJ01 20120000017 | APEKSHA  THAKKAR
2026-03-19 22:33:09,024 [DEBUG] Saved: GJ01 20120000018 | MANAN  SHAH
2026-03-19 22:33:13,358 [DEBUG] Saved: GJ01 20120000019 | HARSHAD  M  SATHVARA
2026-03-19 22:33:18,232 [DEBUG] Saved: GJ01 20120000020 | YASH  P  PATEL
2026-03-19 22:33:21,860 [DEBUG] Saved: GJ01 20120000021 | ANERI  SHETH
2026-03-19 22:33:25,230 [DEBUG] Saved: GJ01 20120000022 | AAYUSH  SHAH
2026-03-19 22:33:28,385 [DEBUG] Saved: GJ01 20120000023 | HARSHIT  PATEL
2026-03-19 22:33:31,634 [DEBUG] Saved: GJ01 20120000024 | BHAGIRATH  S  HADA
2026-03-19 22:33:35,247 [DEBUG] Saved: GJ01 20120000025 | MUKESHBHAI  SINGARA
2026-03-19 22:33:39,424 [DEBUG] Saved: GJ01 20120000026 | HARESHKUMAR  PATEL
2026-03-19 22:33:42,702 [DEBUG] Saved: GJ01 20120000027 | SAURABH  G  PATEL
2026-03-19 22:33:46,041 [DEBUG] Saved: GJ01 20120000028 | CHAITANYA  BHAMIDIPATY
2026-03-19 22:33:49,365 [DEBUG] Saved: GJ01 20120000029 | NIKUNJ  J  PATEL
2026-03-19 22:33:52,709 [DEBUG] Saved: GJ01 20120000030 | HIMANSHU  C  VALEKAR
2026-03-19 22:33:56,795 [DEBUG] Saved: GJ01 20120000031 | HIREN  A  PATEL
2026-03-19 22:34:00,948 [DEBUG] Saved: GJ01 20120000032 | MAYANK  SACHAN
2026-03-19 22:34:04,485 [DEBUG] Saved: GJ01 20120000033 | JIGISHABEN  PATEL
