2026-03-10 11:26:34,892 [INFO] Log file: logs\run_2026-03-10_112634.log
2026-03-10 11:26:44,748 [INFO] Output file created: output\Gujarat_2026-03-10_112644.xlsx
2026-03-10 11:26:47,386 [INFO] Connected: https://sarathi.parivahan.gov.in/sarathiservice/dlBacklogPublic.do?licNum=GJ12%2020050123456&dob=01-01-1980&moduleName=envaction.do
2026-03-10 11:26:51,650 [DEBUG] Saved: GJ01 20050000007 | DEVISINH  M  DODIYA
2026-03-10 11:26:54,373 [DEBUG] Saved: GJ01 20050000008 | DEVANG  L  ACHARYA
2026-03-10 11:26:59,058 [DEBUG] Saved: GJ01 20050000009 | JAGDISH KUMAR SOLANKI
2026-03-10 11:27:01,394 [DEBUG] Saved: GJ01 20050000010 | BHARATBHAI  V PITRODA
2026-03-10 11:27:04,304 [DEBUG] Saved: GJ01 20050000011 | MANILAL  M  PARMAR
2026-03-10 11:27:07,452 [DEBUG] Saved: GJ01 20050000012 | SANJAY NATVAR PANCHAL
2026-03-10 11:27:33,759 [DEBUG] #13 skipped: Numeric Licence Number should not be empty and  must be grea
2026-03-10 11:27:37,569 [DEBUG] Saved: GJ01 20050000014 | NITINKUMAR  Y  SHAH
2026-03-10 11:27:49,217 [DEBUG] #15 skipped: Numeric Licence Number should not be empty and  must be grea
2026-03-10 11:28:00,428 [DEBUG] #16 skipped: Numeric Licence Number should not be empty and  must be grea
2026-03-10 11:28:14,334 [DEBUG] #17 skipped: Numeric Licence Number should not be empty and  must be grea
2026-03-10 11:28:23,805 [DEBUG] #18 skipped: Numeric Licence Number should not be empty and  must be grea
2026-03-10 11:28:44,235 [DEBUG] #19 skipped: Numeric Licence Number should not be empty and  must be grea
2026-03-10 11:28:50,468 [DEBUG] Saved: GJ01 20050000020 | VIJAY BHASKR SAVLE
2026-03-10 11:29:18,214 [DEBUG] #21 skipped: Numeric Licence Number should not be empty and  must be grea
2026-03-10 11:29:26,413 [DEBUG] #22 skipped: Numeric Licence Number should not be empty and  must be grea
2026-03-10 11:29:29,930 [DEBUG] Saved: GJ01 20050000023 | VIJAY  P  DESAI
2026-03-10 11:29:42,283 [DEBUG] Saved: GJ01 20050000024 | RASIKLAL  A  KAMDAR
2026-03-10 11:29:47,852 [DEBUG] Saved: GJ01 20050000025 | NEHABEN NITISH PARIKH
2026-03-10 11:29:52,517 [DEBUG] Saved: GJ01 20050000026 | BHAVINIBEN JANI
2026-03-10 11:30:22,519 [DEBUG] #27 skipped: Numeric Licence Number should not be empty and  must be grea
2026-03-10 11:30:31,009 [DEBUG] Saved: GJ01 20050000028 | BRINDA  V  JOSHI
2026-03-10 11:30:42,014 [DEBUG] #29 skipped: Numeric Licence Number should not be empty and  must be grea
2026-03-10 11:30:45,036 [DEBUG] Saved: GJ01 20050000030 | UNNIKRISHNAN  A  NAIR
2026-03-10 11:30:49,676 [DEBUG] Saved: GJ01 20050000031 | JITENDRA  K  PATEL
2026-03-10 11:31:02,336 [DEBUG] #32 skipped: Numeric Licence Number should not be empty and  must be grea
2026-03-10 11:31:10,912 [DEBUG] #33 skipped: Numeric Licence Number should not be empty and  must be grea
2026-03-10 11:31:18,574 [DEBUG] #34 skipped: Numeric Licence Number should not be empty and  must be grea
2026-03-10 11:31:31,369 [DEBUG] #35 skipped: Numeric Licence Number should not be empty and  must be grea
2026-03-10 11:31:34,514 [DEBUG] Saved: GJ01 20050000036 | BHAVIK  P  KHTRI
2026-03-10 11:32:00,589 [DEBUG] #37 skipped: Numeric Licence Number should not be empty and  must be grea
2026-03-10 11:32:31,143 [DEBUG] #38 skipped: Numeric Licence Number should not be empty and  must be grea
2026-03-10 11:32:38,644 [DEBUG] #39 skipped: Numeric Licence Number should not be empty and  must be grea
2026-03-10 11:32:54,563 [DEBUG] #40 skipped: Numeric Licence Number should not be empty and  must be grea
2026-03-10 11:32:57,159 [DEBUG] #41 skipped: Numeric Licence Number should not be empty and  must be grea
2026-03-10 11:33:09,755 [DEBUG] #42 skipped: Numeric Licence Number should not be empty and  must be grea
2026-03-10 11:33:13,009 [DEBUG] Saved: GJ01 20050000043 | PARULBEN  A  GANDHI
2026-03-10 11:33:18,549 [DEBUG] #44 skipped: Numeric Licence Number should not be empty and  must be grea
2026-03-10 11:33:20,663 [DEBUG] Saved: GJ01 20050000045 | JIGNESHKUMAR  J  KURESHI
2026-03-10 11:33:22,766 [DEBUG] #46 skipped: Numeric Licence Number should not be empty and  must be grea
2026-03-10 11:33:25,364 [DEBUG] #47 skipped: Numeric Licence Number should not be empty and  must be grea
2026-03-10 11:33:31,506 [DEBUG] #48 skipped: Numeric Licence Number should not be empty and  must be grea
2026-03-10 11:33:34,633 [DEBUG] #49 skipped: Numeric Licence Number should not be empty and  must be grea
2026-03-10 11:33:37,223 [DEBUG] #50 skipped: Numeric Licence Number should not be empty and  must be grea
2026-03-10 11:33:42,985 [DEBUG] #51 skipped: Numeric Licence Number should not be empty and  must be grea
2026-03-10 11:33:50,255 [DEBUG] #52 skipped: Numeric Licence Number should not be empty and  must be grea
2026-03-10 11:33:52,849 [DEBUG] #53 skipped: Numeric Licence Number should not be empty and  must be grea
2026-03-10 11:33:54,933 [DEBUG] #54 skipped: Numeric Licence Number should not be empty and  must be grea
2026-03-10 11:33:59,382 [INFO] Complete. 18 records saved.
